{"C:\\Users\\cjsei\\react-twitter-auth-fork\\react-twitter-auth\\src\\index.js": {"path":"C:\\Users\\cjsei\\react-twitter-auth-fork\\react-twitter-auth\\src\\index.js","statementMap":{"0":{"start":{"line":9,"column":4},"end":{"line":9,"column":17}},"1":{"start":{"line":11,"column":4},"end":{"line":11,"column":55}},"2":{"start":{"line":15,"column":4},"end":{"line":15,"column":23}},"3":{"start":{"line":16,"column":4},"end":{"line":16,"column":31}},"4":{"start":{"line":20,"column":20},"end":{"line":20,"column":63}},"5":{"start":{"line":21,"column":4},"end":{"line":21,"column":49}},"6":{"start":{"line":22,"column":4},"end":{"line":22,"column":19}},"7":{"start":{"line":26,"column":16},"end":{"line":26,"column":32}},"8":{"start":{"line":28,"column":4},"end":{"line":44,"column":9}},"9":{"start":{"line":36,"column":8},"end":{"line":39,"column":9}},"10":{"start":{"line":37,"column":10},"end":{"line":37,"column":40}},"11":{"start":{"line":38,"column":10},"end":{"line":38,"column":30}},"12":{"start":{"line":42,"column":8},"end":{"line":42,"column":22}},"13":{"start":{"line":43,"column":8},"end":{"line":43,"column":43}},"14":{"start":{"line":48,"column":14},"end":{"line":48,"column":36}},"15":{"start":{"line":49,"column":14},"end":{"line":49,"column":37}},"16":{"start":{"line":50,"column":17},"end":{"line":50,"column":41}},"17":{"start":{"line":51,"column":16},"end":{"line":51,"column":41}},"18":{"start":{"line":53,"column":4},"end":{"line":64,"column":6}},"19":{"start":{"line":68,"column":20},"end":{"line":107,"column":11}},"20":{"start":{"line":69,"column":6},"end":{"line":72,"column":7}},"21":{"start":{"line":70,"column":8},"end":{"line":70,"column":31}},"22":{"start":{"line":71,"column":8},"end":{"line":71,"column":73}},"23":{"start":{"line":74,"column":26},"end":{"line":77,"column":7}},"24":{"start":{"line":75,"column":8},"end":{"line":75,"column":31}},"25":{"start":{"line":76,"column":8},"end":{"line":76,"column":22}},"26":{"start":{"line":79,"column":6},"end":{"line":106,"column":7}},"27":{"start":{"line":80,"column":8},"end":{"line":102,"column":9}},"28":{"start":{"line":84,"column":10},"end":{"line":101,"column":11}},"29":{"start":{"line":85,"column":26},"end":{"line":85,"column":68}},"30":{"start":{"line":87,"column":31},"end":{"line":87,"column":55}},"31":{"start":{"line":88,"column":34},"end":{"line":88,"column":61}},"32":{"start":{"line":90,"column":12},"end":{"line":90,"column":26}},"33":{"start":{"line":91,"column":12},"end":{"line":91,"column":40}},"34":{"start":{"line":93,"column":12},"end":{"line":93,"column":26}},"35":{"start":{"line":94,"column":12},"end":{"line":100,"column":14}},"36":{"start":{"line":111,"column":20},"end":{"line":115,"column":5}},"37":{"start":{"line":116,"column":4},"end":{"line":122,"column":6}},"38":{"start":{"line":118,"column":6},"end":{"line":118,"column":37}},"39":{"start":{"line":121,"column":6},"end":{"line":121,"column":41}},"40":{"start":{"line":126,"column":24},"end":{"line":128,"column":12}},"41":{"start":{"line":130,"column":4},"end":{"line":134,"column":6}},"42":{"start":{"line":138,"column":26},"end":{"line":147,"column":5}},"43":{"start":{"line":148,"column":4},"end":{"line":148,"column":25}},"44":{"start":{"line":152,"column":0},"end":{"line":169,"column":2}},"45":{"start":{"line":171,"column":0},"end":{"line":182,"column":2}}},"fnMap":{"0":{"name":"(anonymous_0)","decl":{"start":{"line":8,"column":2},"end":{"line":8,"column":3}},"loc":{"start":{"line":8,"column":21},"end":{"line":12,"column":3}},"line":8},"1":{"name":"(anonymous_1)","decl":{"start":{"line":14,"column":2},"end":{"line":14,"column":3}},"loc":{"start":{"line":14,"column":19},"end":{"line":17,"column":3}},"line":14},"2":{"name":"(anonymous_2)","decl":{"start":{"line":19,"column":2},"end":{"line":19,"column":3}},"loc":{"start":{"line":19,"column":15},"end":{"line":23,"column":3}},"line":19},"3":{"name":"(anonymous_3)","decl":{"start":{"line":25,"column":2},"end":{"line":25,"column":3}},"loc":{"start":{"line":25,"column":17},"end":{"line":45,"column":3}},"line":25},"4":{"name":"(anonymous_4)","decl":{"start":{"line":35,"column":12},"end":{"line":35,"column":13}},"loc":{"start":{"line":35,"column":24},"end":{"line":40,"column":7}},"line":35},"5":{"name":"(anonymous_5)","decl":{"start":{"line":41,"column":13},"end":{"line":41,"column":14}},"loc":{"start":{"line":41,"column":22},"end":{"line":44,"column":7}},"line":41},"6":{"name":"(anonymous_6)","decl":{"start":{"line":47,"column":2},"end":{"line":47,"column":3}},"loc":{"start":{"line":47,"column":14},"end":{"line":65,"column":3}},"line":47},"7":{"name":"(anonymous_7)","decl":{"start":{"line":67,"column":2},"end":{"line":67,"column":3}},"loc":{"start":{"line":67,"column":17},"end":{"line":108,"column":3}},"line":67},"8":{"name":"(anonymous_8)","decl":{"start":{"line":68,"column":32},"end":{"line":68,"column":33}},"loc":{"start":{"line":68,"column":38},"end":{"line":107,"column":5}},"line":68},"9":{"name":"(anonymous_9)","decl":{"start":{"line":74,"column":26},"end":{"line":74,"column":27}},"loc":{"start":{"line":74,"column":32},"end":{"line":77,"column":7}},"line":74},"10":{"name":"(anonymous_10)","decl":{"start":{"line":110,"column":2},"end":{"line":110,"column":3}},"loc":{"start":{"line":110,"column":17},"end":{"line":123,"column":3}},"line":110},"11":{"name":"(anonymous_11)","decl":{"start":{"line":117,"column":10},"end":{"line":117,"column":11}},"loc":{"start":{"line":117,"column":22},"end":{"line":119,"column":5}},"line":117},"12":{"name":"(anonymous_12)","decl":{"start":{"line":120,"column":11},"end":{"line":120,"column":12}},"loc":{"start":{"line":120,"column":20},"end":{"line":122,"column":5}},"line":120},"13":{"name":"(anonymous_13)","decl":{"start":{"line":125,"column":2},"end":{"line":125,"column":3}},"loc":{"start":{"line":125,"column":28},"end":{"line":135,"column":3}},"line":125},"14":{"name":"(anonymous_14)","decl":{"start":{"line":137,"column":2},"end":{"line":137,"column":3}},"loc":{"start":{"line":137,"column":11},"end":{"line":149,"column":3}},"line":137}},"branchMap":{"0":{"loc":{"start":{"line":36,"column":8},"end":{"line":39,"column":9}},"type":"if","locations":[{"start":{"line":36,"column":8},"end":{"line":39,"column":9}},{"start":{"line":36,"column":8},"end":{"line":39,"column":9}}],"line":36},"1":{"loc":{"start":{"line":69,"column":6},"end":{"line":72,"column":7}},"type":"if","locations":[{"start":{"line":69,"column":6},"end":{"line":72,"column":7}},{"start":{"line":69,"column":6},"end":{"line":72,"column":7}}],"line":69},"2":{"loc":{"start":{"line":69,"column":10},"end":{"line":69,"column":62}},"type":"binary-expr","locations":[{"start":{"line":69,"column":10},"end":{"line":69,"column":16}},{"start":{"line":69,"column":20},"end":{"line":69,"column":32}},{"start":{"line":69,"column":36},"end":{"line":69,"column":62}}],"line":69},"3":{"loc":{"start":{"line":80,"column":8},"end":{"line":102,"column":9}},"type":"if","locations":[{"start":{"line":80,"column":8},"end":{"line":102,"column":9}},{"start":{"line":80,"column":8},"end":{"line":102,"column":9}}],"line":80},"4":{"loc":{"start":{"line":81,"column":10},"end":{"line":82,"column":40}},"type":"binary-expr","locations":[{"start":{"line":81,"column":10},"end":{"line":81,"column":56}},{"start":{"line":82,"column":10},"end":{"line":82,"column":40}}],"line":81},"5":{"loc":{"start":{"line":84,"column":10},"end":{"line":101,"column":11}},"type":"if","locations":[{"start":{"line":84,"column":10},"end":{"line":101,"column":11}},{"start":{"line":84,"column":10},"end":{"line":101,"column":11}}],"line":84},"6":{"loc":{"start":{"line":126,"column":24},"end":{"line":128,"column":12}},"type":"cond-expr","locations":[{"start":{"line":127,"column":6},"end":{"line":127,"column":47}},{"start":{"line":128,"column":8},"end":{"line":128,"column":12}}],"line":126},"7":{"loc":{"start":{"line":146,"column":6},"end":{"line":146,"column":80}},"type":"cond-expr","locations":[{"start":{"line":146,"column":28},"end":{"line":146,"column":47}},{"start":{"line":146,"column":50},"end":{"line":146,"column":80}}],"line":146}},"s":{"0":3,"1":3,"2":0,"3":0,"4":0,"5":0,"6":0,"7":0,"8":0,"9":0,"10":0,"11":0,"12":0,"13":0,"14":0,"15":0,"16":0,"17":0,"18":0,"19":0,"20":0,"21":0,"22":0,"23":0,"24":0,"25":0,"26":0,"27":0,"28":0,"29":0,"30":0,"31":0,"32":0,"33":0,"34":0,"35":0,"36":0,"37":0,"38":0,"39":0,"40":3,"41":3,"42":3,"43":3,"44":2,"45":2},"f":{"0":3,"1":0,"2":0,"3":0,"4":0,"5":0,"6":0,"7":0,"8":0,"9":0,"10":0,"11":0,"12":0,"13":3,"14":3},"b":{"0":[0,0],"1":[0,0],"2":[0,0,0],"3":[0,0],"4":[0,0],"5":[0,0],"6":[3,0],"7":[0,3]},"_coverageSchema":"332fd63041d2c1bcb487cc26dd0d5f7d97098a6c","hash":"5daa9ccf9abcb28bd11a80bdb2e2abaaeb7a16b6"}
}
