TN:
SF:C:\Users\cjsei\react-twitter-auth-fork\react-twitter-auth\src\index.js
FN:8,(anonymous_0)
FN:14,(anonymous_1)
FN:19,(anonymous_2)
FN:25,(anonymous_3)
FN:33,(anonymous_4)
FN:36,(anonymous_5)
FN:45,(anonymous_6)
FN:51,(anonymous_7)
FN:72,(anonymous_8)
FN:74,(anonymous_9)
FN:80,(anonymous_10)
FN:117,(anonymous_11)
FN:124,(anonymous_12)
FN:127,(anonymous_13)
FN:132,(anonymous_14)
FN:144,(anonymous_15)
FNF:16
FNH:3
FNDA:3,(anonymous_0)
FNDA:0,(anonymous_1)
FNDA:0,(anonymous_2)
FNDA:0,(anonymous_3)
FNDA:0,(anonymous_4)
FNDA:0,(anonymous_5)
FNDA:0,(anonymous_6)
FNDA:0,(anonymous_7)
FNDA:0,(anonymous_8)
FNDA:0,(anonymous_9)
FNDA:0,(anonymous_10)
FNDA:0,(anonymous_11)
FNDA:0,(anonymous_12)
FNDA:0,(anonymous_13)
FNDA:3,(anonymous_14)
FNDA:3,(anonymous_15)
DA:9,3
DA:11,3
DA:15,0
DA:16,0
DA:20,0
DA:21,0
DA:22,0
DA:26,0
DA:28,0
DA:34,0
DA:37,0
DA:38,0
DA:39,0
DA:41,0
DA:42,0
DA:43,0
DA:46,0
DA:47,0
DA:52,0
DA:53,0
DA:54,0
DA:55,0
DA:56,0
DA:58,0
DA:73,0
DA:74,0
DA:75,0
DA:76,0
DA:77,0
DA:80,0
DA:81,0
DA:82,0
DA:85,0
DA:86,0
DA:90,0
DA:91,0
DA:92,0
DA:94,0
DA:95,0
DA:97,0
DA:98,0
DA:100,0
DA:101,0
DA:118,0
DA:123,0
DA:125,0
DA:128,0
DA:133,3
DA:137,3
DA:145,3
DA:155,3
DA:159,2
DA:178,2
LF:53
LH:8
BRDA:38,0,0,0
BRDA:38,0,1,0
BRDA:75,1,0,0
BRDA:75,1,1,0
BRDA:75,2,0,0
BRDA:75,2,1,0
BRDA:75,2,2,0
BRDA:86,3,0,0
BRDA:86,3,1,0
BRDA:87,4,0,0
BRDA:87,4,1,0
BRDA:90,5,0,0
BRDA:90,5,1,0
BRDA:133,6,0,3
BRDA:133,6,1,0
BRDA:153,7,0,0
BRDA:153,7,1,3
BRF:17
BRH:2
end_of_record
